<?xml version="1.0" encoding="UTF-8"?>
<!-- Generated by org.testng.reporters.JUnitReportReporter -->
<testsuite hostname="QXL08149315" failures="0" tests="1" name="selenium_tutorials.Assertdemo" time="12.175" errors="0" timestamp="2021-08-27T18:28:15 CDT" skipped="0">
  <testcase classname="selenium_tutorials.Assertdemo" name="Assert" time="12.175"/>
  <system-out/>
</testsuite> <!-- selenium_tutorials.Assertdemo -->
