<?xml version="1.0" encoding="UTF-8"?>
<!-- Generated by org.testng.reporters.JUnitReportReporter -->
<testsuite hostname="QJ08041111" failures="0" tests="1" name="selenium_tutorials.Error_validation" time="17.759" errors="0" timestamp="23 Aug 2021 23:17:05 GMT">
  <testcase classname="selenium_tutorials.Error_validation" name="errorcheck" time="17.759"/>
</testsuite> <!-- selenium_tutorials.Error_validation -->
